<?xml version="1.0" encoding="UTF-8"?>
<testsuite name="com.assignment.patient.PatientCrudApplicationTests" tests="1" skipped="0" failures="0" errors="0" timestamp="2021-05-15T16:55:32" hostname="ws-e8807894-56e2-418b-8fb7-78dce3c6fd3c" time="0.107">
  <properties/>
  <testcase name="contextLoads()" classname="com.assignment.patient.PatientCrudApplicationTests" time="0.107"/>
  <system-out><![CDATA[16:55:26.566 [Test worker] DEBUG org.springframework.test.context.BootstrapUtils - Instantiating CacheAwareContextLoaderDelegate from class [org.springframework.test.context.cache.DefaultCacheAwareContextLoaderDelegate]
16:55:26.585 [Test worker] DEBUG org.springframework.test.context.BootstrapUtils - Instantiating BootstrapContext using constructor [public org.springframework.test.context.support.DefaultBootstrapContext(java.lang.Class,org.springframework.test.context.CacheAwareContextLoaderDelegate)]
16:55:26.620 [Test worker] DEBUG org.springframework.test.context.BootstrapUtils - Instantiating TestContextBootstrapper for test class [com.assignment.patient.PatientCrudApplicationTests] from class [org.springframework.boot.test.context.SpringBootTestContextBootstrapper]
16:55:26.630 [Test worker] INFO org.springframework.boot.test.context.SpringBootTestContextBootstrapper - Neither @ContextConfiguration nor @ContextHierarchy found for test class [com.assignment.patient.PatientCrudApplicationTests], using SpringBootContextLoader
16:55:26.634 [Test worker] DEBUG org.springframework.test.context.support.AbstractContextLoader - Did not detect default resource location for test class [com.assignment.patient.PatientCrudApplicationTests]: class path resource [com/assignment/patient/PatientCrudApplicationTests-context.xml] does not exist
16:55:26.635 [Test worker] DEBUG org.springframework.test.context.support.AbstractContextLoader - Did not detect default resource location for test class [com.assignment.patient.PatientCrudApplicationTests]: class path resource [com/assignment/patient/PatientCrudApplicationTestsContext.groovy] does not exist
16:55:26.635 [Test worker] INFO org.springframework.test.context.support.AbstractContextLoader - Could not detect default resource locations for test class [com.assignment.patient.PatientCrudApplicationTests]: no resource found for suffixes {-context.xml, Context.groovy}.
16:55:26.636 [Test worker] INFO org.springframework.test.context.support.AnnotationConfigContextLoaderUtils - Could not detect default configuration classes for test class [com.assignment.patient.PatientCrudApplicationTests]: PatientCrudApplicationTests does not declare any static, non-private, non-final, nested classes annotated with @Configuration.
16:55:26.676 [Test worker] DEBUG org.springframework.test.context.support.ActiveProfilesUtils - Could not find an 'annotation declaring class' for annotation type [org.springframework.test.context.ActiveProfiles] and class [com.assignment.patient.PatientCrudApplicationTests]
16:55:26.729 [Test worker] DEBUG org.springframework.context.annotation.ClassPathScanningCandidateComponentProvider - Identified candidate component class: file [/workspace/assignment/patient/build/classes/java/main/com/assignment/patient/PatientCrudApplication.class]
16:55:26.730 [Test worker] INFO org.springframework.boot.test.context.SpringBootTestContextBootstrapper - Found @SpringBootConfiguration com.assignment.patient.PatientCrudApplication for test class com.assignment.patient.PatientCrudApplicationTests
16:55:26.827 [Test worker] DEBUG org.springframework.boot.test.context.SpringBootTestContextBootstrapper - @TestExecutionListeners is not present for class [com.assignment.patient.PatientCrudApplicationTests]: using defaults.
16:55:26.828 [Test worker] INFO org.springframework.boot.test.context.SpringBootTestContextBootstrapper - Loaded default TestExecutionListener class names from location [META-INF/spring.factories]: [org.springframework.boot.test.autoconfigure.restdocs.RestDocsTestExecutionListener, org.springframework.boot.test.autoconfigure.web.client.MockRestServiceServerResetTestExecutionListener, org.springframework.boot.test.autoconfigure.web.servlet.MockMvcPrintOnlyOnFailureTestExecutionListener, org.springframework.boot.test.autoconfigure.web.servlet.WebDriverTestExecutionListener, org.springframework.boot.test.autoconfigure.webservices.client.MockWebServiceServerTestExecutionListener, org.springframework.boot.test.mock.mockito.MockitoTestExecutionListener, org.springframework.boot.test.mock.mockito.ResetMocksTestExecutionListener, org.springframework.test.context.web.ServletTestExecutionListener, org.springframework.test.context.support.DirtiesContextBeforeModesTestExecutionListener, org.springframework.test.context.event.ApplicationEventsTestExecutionListener, org.springframework.test.context.support.DependencyInjectionTestExecutionListener, org.springframework.test.context.support.DirtiesContextTestExecutionListener, org.springframework.test.context.transaction.TransactionalTestExecutionListener, org.springframework.test.context.jdbc.SqlScriptsTestExecutionListener, org.springframework.test.context.event.EventPublishingTestExecutionListener]
16:55:26.846 [Test worker] INFO org.springframework.boot.test.context.SpringBootTestContextBootstrapper - Using TestExecutionListeners: [org.springframework.test.context.web.ServletTestExecutionListener@58226ea8, org.springframework.test.context.support.DirtiesContextBeforeModesTestExecutionListener@540fa9c2, org.springframework.test.context.event.ApplicationEventsTestExecutionListener@4fdcb6a8, org.springframework.boot.test.mock.mockito.MockitoTestExecutionListener@717b4119, org.springframework.boot.test.autoconfigure.SpringBootDependencyInjectionTestExecutionListener@3a6736b0, org.springframework.test.context.support.DirtiesContextTestExecutionListener@138fc987, org.springframework.test.context.transaction.TransactionalTestExecutionListener@39cc44a8, org.springframework.test.context.jdbc.SqlScriptsTestExecutionListener@1214a901, org.springframework.test.context.event.EventPublishingTestExecutionListener@11c5cf45, org.springframework.boot.test.autoconfigure.restdocs.RestDocsTestExecutionListener@7cebff0b, org.springframework.boot.test.autoconfigure.web.client.MockRestServiceServerResetTestExecutionListener@27d90d3a, org.springframework.boot.test.autoconfigure.web.servlet.MockMvcPrintOnlyOnFailureTestExecutionListener@1032f461, org.springframework.boot.test.autoconfigure.web.servlet.WebDriverTestExecutionListener@2fb2bec5, org.springframework.boot.test.autoconfigure.webservices.client.MockWebServiceServerTestExecutionListener@c021f9f, org.springframework.boot.test.mock.mockito.ResetMocksTestExecutionListener@635d73f8]
16:55:26.849 [Test worker] DEBUG org.springframework.test.context.support.AbstractDirtiesContextTestExecutionListener - Before test class: context [DefaultTestContext@4b843519 testClass = PatientCrudApplicationTests, testInstance = [null], testMethod = [null], testException = [null], mergedContextConfiguration = [WebMergedContextConfiguration@3a9a0c6a testClass = PatientCrudApplicationTests, locations = '{}', classes = '{class com.assignment.patient.PatientCrudApplication}', contextInitializerClasses = '[]', activeProfiles = '{}', propertySourceLocations = '{}', propertySourceProperties = '{org.springframework.boot.test.context.SpringBootTestContextBootstrapper=true}', contextCustomizers = set[org.springframework.boot.test.autoconfigure.actuate.metrics.MetricsExportContextCustomizerFactory$DisableMetricExportContextCustomizer@5b67a1e7, org.springframework.boot.test.autoconfigure.properties.PropertyMappingContextCustomizer@0, org.springframework.boot.test.autoconfigure.web.servlet.WebDriverContextCustomizerFactory$Customizer@78042804, org.springframework.boot.test.context.filter.ExcludeFilterContextCustomizer@2fb3486a, org.springframework.boot.test.json.DuplicateJsonObjectContextCustomizerFactory$DuplicateJsonObjectContextCustomizer@ea9b001, org.springframework.boot.test.mock.mockito.MockitoContextCustomizer@0, org.springframework.boot.test.web.client.TestRestTemplateContextCustomizer@5bebc52f, org.springframework.boot.test.context.SpringBootTestArgs@1, org.springframework.boot.test.context.SpringBootTestWebEnvironment@7702c2b8], resourceBasePath = 'src/main/webapp', contextLoader = 'org.springframework.boot.test.context.SpringBootContextLoader', parent = [null]], attributes = map['org.springframework.test.context.web.ServletTestExecutionListener.activateListener' -> true]], class annotated with @DirtiesContext [false] with mode [null].
16:55:26.882 [Test worker] DEBUG org.springframework.test.context.support.TestPropertySourceUtils - Adding inlined properties to environment: {spring.jmx.enabled=false, org.springframework.boot.test.context.SpringBootTestContextBootstrapper=true}

  .   ____          _            __ _ _
 /\\ / ___'_ __ _ _(_)_ __  __ _ \ \ \ \
( ( )\___ | '_ | '_| | '_ \/ _` | \ \ \ \
 \\/  ___)| |_)| | | | | || (_| |  ) ) ) )
  '  |____| .__|_| |_|_| |_\__, | / / / /
 =========|_|==============|___/=/_/_/_/
 :: Spring Boot ::                (v2.4.5)

2021-05-15 16:55:27.245  INFO 2510 --- [    Test worker] c.a.patient.PatientCrudApplicationTests  : Starting PatientCrudApplicationTests using Java 11.0.10 on ws-e8807894-56e2-418b-8fb7-78dce3c6fd3c with PID 2510 (started by gitpod in /workspace/assignment/patient)
2021-05-15 16:55:27.250  INFO 2510 --- [    Test worker] c.a.patient.PatientCrudApplicationTests  : No active profile set, falling back to default profiles: default
2021-05-15 16:55:28.265  INFO 2510 --- [    Test worker] .s.d.r.c.RepositoryConfigurationDelegate : Bootstrapping Spring Data JPA repositories in DEFAULT mode.
2021-05-15 16:55:28.348  INFO 2510 --- [    Test worker] .s.d.r.c.RepositoryConfigurationDelegate : Finished Spring Data repository scanning in 74 ms. Found 1 JPA repository interfaces.
2021-05-15 16:55:29.068  INFO 2510 --- [    Test worker] o.hibernate.jpa.internal.util.LogHelper  : HHH000204: Processing PersistenceUnitInfo [name: default]
2021-05-15 16:55:29.123  INFO 2510 --- [    Test worker] org.hibernate.Version                    : HHH000412: Hibernate ORM core version 5.4.30.Final
2021-05-15 16:55:29.274  INFO 2510 --- [    Test worker] o.hibernate.annotations.common.Version   : HCANN000001: Hibernate Commons Annotations {5.1.2.Final}
2021-05-15 16:55:29.394  INFO 2510 --- [    Test worker] com.zaxxer.hikari.HikariDataSource       : HikariPool-1 - Starting...
2021-05-15 16:55:29.607  INFO 2510 --- [    Test worker] com.zaxxer.hikari.HikariDataSource       : HikariPool-1 - Start completed.
2021-05-15 16:55:29.625  INFO 2510 --- [    Test worker] org.hibernate.dialect.Dialect            : HHH000400: Using dialect: org.hibernate.dialect.H2Dialect
Hibernate: 
    
    create table patient_details (
       id integer generated by default as identity,
        name varchar(255),
        gender varchar(255),
        phone_number bigint,
        primary key (id)
    )
2021-05-15 16:55:30.287  INFO 2510 --- [    Test worker] o.h.e.t.j.p.i.JtaPlatformInitiator       : HHH000490: Using JtaPlatform implementation: [org.hibernate.engine.transaction.jta.platform.internal.NoJtaPlatform]
2021-05-15 16:55:30.298  INFO 2510 --- [    Test worker] j.LocalContainerEntityManagerFactoryBean : Initialized JPA EntityManagerFactory for persistence unit 'default'
2021-05-15 16:55:31.097  WARN 2510 --- [    Test worker] JpaBaseConfiguration$JpaWebConfiguration : spring.jpa.open-in-view is enabled by default. Therefore, database queries may be performed during view rendering. Explicitly configure spring.jpa.open-in-view to disable this warning
2021-05-15 16:55:31.196  INFO 2510 --- [    Test worker] o.s.b.a.h2.H2ConsoleAutoConfiguration    : H2 console available at '/console'. Database available at 'jdbc:h2:mem:kronikos-chanllenge'
2021-05-15 16:55:31.730  INFO 2510 --- [    Test worker] o.s.s.concurrent.ThreadPoolTaskExecutor  : Initializing ExecutorService 'applicationTaskExecutor'
2021-05-15 16:55:32.345  INFO 2510 --- [    Test worker] c.a.patient.PatientCrudApplicationTests  : Started PatientCrudApplicationTests in 5.455 seconds (JVM running for 6.562)
]]></system-out>
  <system-err><![CDATA[]]></system-err>
</testsuite>
