<?xml version="1.0" encoding="UTF-8"?>
<testsuite name="com.assignment.patient.PatientCrudApplicationTests" tests="1" skipped="0" failures="0" errors="0" timestamp="2021-05-15T15:33:14" hostname="kauz-own" time="0.405">
  <properties/>
  <testcase name="contextLoads()" classname="com.assignment.patient.PatientCrudApplicationTests" time="0.405"/>
  <system-out><![CDATA[21:03:06.505 [Test worker] DEBUG org.springframework.test.context.BootstrapUtils - Instantiating CacheAwareContextLoaderDelegate from class [org.springframework.test.context.cache.DefaultCacheAwareContextLoaderDelegate]
21:03:06.524 [Test worker] DEBUG org.springframework.test.context.BootstrapUtils - Instantiating BootstrapContext using constructor [public org.springframework.test.context.support.DefaultBootstrapContext(java.lang.Class,org.springframework.test.context.CacheAwareContextLoaderDelegate)]
21:03:06.579 [Test worker] DEBUG org.springframework.test.context.BootstrapUtils - Instantiating TestContextBootstrapper for test class [com.assignment.patient.PatientCrudApplicationTests] from class [org.springframework.boot.test.context.SpringBootTestContextBootstrapper]
21:03:06.592 [Test worker] INFO org.springframework.boot.test.context.SpringBootTestContextBootstrapper - Neither @ContextConfiguration nor @ContextHierarchy found for test class [com.assignment.patient.PatientCrudApplicationTests], using SpringBootContextLoader
21:03:06.597 [Test worker] DEBUG org.springframework.test.context.support.AbstractContextLoader - Did not detect default resource location for test class [com.assignment.patient.PatientCrudApplicationTests]: class path resource [com/assignment/patient/PatientCrudApplicationTests-context.xml] does not exist
21:03:06.598 [Test worker] DEBUG org.springframework.test.context.support.AbstractContextLoader - Did not detect default resource location for test class [com.assignment.patient.PatientCrudApplicationTests]: class path resource [com/assignment/patient/PatientCrudApplicationTestsContext.groovy] does not exist
21:03:06.599 [Test worker] INFO org.springframework.test.context.support.AbstractContextLoader - Could not detect default resource locations for test class [com.assignment.patient.PatientCrudApplicationTests]: no resource found for suffixes {-context.xml, Context.groovy}.
21:03:06.601 [Test worker] INFO org.springframework.test.context.support.AnnotationConfigContextLoaderUtils - Could not detect default configuration classes for test class [com.assignment.patient.PatientCrudApplicationTests]: PatientCrudApplicationTests does not declare any static, non-private, non-final, nested classes annotated with @Configuration.
21:03:06.707 [Test worker] DEBUG org.springframework.test.context.support.ActiveProfilesUtils - Could not find an 'annotation declaring class' for annotation type [org.springframework.test.context.ActiveProfiles] and class [com.assignment.patient.PatientCrudApplicationTests]
21:03:06.799 [Test worker] DEBUG org.springframework.context.annotation.ClassPathScanningCandidateComponentProvider - Identified candidate component class: file [/home/darkpool/gitHub/assignments/kronikos/patient/build/classes/java/main/com/assignment/patient/PatientCrudApplication.class]
21:03:06.800 [Test worker] INFO org.springframework.boot.test.context.SpringBootTestContextBootstrapper - Found @SpringBootConfiguration com.assignment.patient.PatientCrudApplication for test class com.assignment.patient.PatientCrudApplicationTests
21:03:06.925 [Test worker] DEBUG org.springframework.boot.test.context.SpringBootTestContextBootstrapper - @TestExecutionListeners is not present for class [com.assignment.patient.PatientCrudApplicationTests]: using defaults.
21:03:06.926 [Test worker] INFO org.springframework.boot.test.context.SpringBootTestContextBootstrapper - Loaded default TestExecutionListener class names from location [META-INF/spring.factories]: [org.springframework.boot.test.autoconfigure.restdocs.RestDocsTestExecutionListener, org.springframework.boot.test.autoconfigure.web.client.MockRestServiceServerResetTestExecutionListener, org.springframework.boot.test.autoconfigure.web.servlet.MockMvcPrintOnlyOnFailureTestExecutionListener, org.springframework.boot.test.autoconfigure.web.servlet.WebDriverTestExecutionListener, org.springframework.boot.test.autoconfigure.webservices.client.MockWebServiceServerTestExecutionListener, org.springframework.boot.test.mock.mockito.MockitoTestExecutionListener, org.springframework.boot.test.mock.mockito.ResetMocksTestExecutionListener, org.springframework.test.context.web.ServletTestExecutionListener, org.springframework.test.context.support.DirtiesContextBeforeModesTestExecutionListener, org.springframework.test.context.event.ApplicationEventsTestExecutionListener, org.springframework.test.context.support.DependencyInjectionTestExecutionListener, org.springframework.test.context.support.DirtiesContextTestExecutionListener, org.springframework.test.context.transaction.TransactionalTestExecutionListener, org.springframework.test.context.jdbc.SqlScriptsTestExecutionListener, org.springframework.test.context.event.EventPublishingTestExecutionListener]
21:03:06.964 [Test worker] INFO org.springframework.boot.test.context.SpringBootTestContextBootstrapper - Using TestExecutionListeners: [org.springframework.test.context.web.ServletTestExecutionListener@633bacbf, org.springframework.test.context.support.DirtiesContextBeforeModesTestExecutionListener@14aca236, org.springframework.test.context.event.ApplicationEventsTestExecutionListener@5b23abc4, org.springframework.boot.test.mock.mockito.MockitoTestExecutionListener@2c4c2b5f, org.springframework.boot.test.autoconfigure.SpringBootDependencyInjectionTestExecutionListener@12ac243d, org.springframework.test.context.support.DirtiesContextTestExecutionListener@63e0994c, org.springframework.test.context.transaction.TransactionalTestExecutionListener@25db637f, org.springframework.test.context.jdbc.SqlScriptsTestExecutionListener@6880a248, org.springframework.test.context.event.EventPublishingTestExecutionListener@1bfeeea9, org.springframework.boot.test.autoconfigure.restdocs.RestDocsTestExecutionListener@7cb32e63, org.springframework.boot.test.autoconfigure.web.client.MockRestServiceServerResetTestExecutionListener@28d6a11, org.springframework.boot.test.autoconfigure.web.servlet.MockMvcPrintOnlyOnFailureTestExecutionListener@6f721aea, org.springframework.boot.test.autoconfigure.web.servlet.WebDriverTestExecutionListener@3953a0b, org.springframework.boot.test.autoconfigure.webservices.client.MockWebServiceServerTestExecutionListener@6630cc2c, org.springframework.boot.test.mock.mockito.ResetMocksTestExecutionListener@f84ff19]
21:03:06.969 [Test worker] DEBUG org.springframework.test.context.support.AbstractDirtiesContextTestExecutionListener - Before test class: context [DefaultTestContext@6f804d11 testClass = PatientCrudApplicationTests, testInstance = [null], testMethod = [null], testException = [null], mergedContextConfiguration = [WebMergedContextConfiguration@3450756b testClass = PatientCrudApplicationTests, locations = '{}', classes = '{class com.assignment.patient.PatientCrudApplication}', contextInitializerClasses = '[]', activeProfiles = '{}', propertySourceLocations = '{}', propertySourceProperties = '{org.springframework.boot.test.context.SpringBootTestContextBootstrapper=true}', contextCustomizers = set[org.springframework.boot.test.autoconfigure.actuate.metrics.MetricsExportContextCustomizerFactory$DisableMetricExportContextCustomizer@1c9d92, org.springframework.boot.test.autoconfigure.properties.PropertyMappingContextCustomizer@0, org.springframework.boot.test.autoconfigure.web.servlet.WebDriverContextCustomizerFactory$Customizer@60386fa3, org.springframework.boot.test.context.filter.ExcludeFilterContextCustomizer@63301bef, org.springframework.boot.test.json.DuplicateJsonObjectContextCustomizerFactory$DuplicateJsonObjectContextCustomizer@699fbb2b, org.springframework.boot.test.mock.mockito.MockitoContextCustomizer@0, org.springframework.boot.test.web.client.TestRestTemplateContextCustomizer@5129a76e, org.springframework.boot.test.context.SpringBootTestArgs@1, org.springframework.boot.test.context.SpringBootTestWebEnvironment@4c1bd073], resourceBasePath = 'src/main/webapp', contextLoader = 'org.springframework.boot.test.context.SpringBootContextLoader', parent = [null]], attributes = map['org.springframework.test.context.web.ServletTestExecutionListener.activateListener' -> true]], class annotated with @DirtiesContext [false] with mode [null].
21:03:07.012 [Test worker] DEBUG org.springframework.test.context.support.TestPropertySourceUtils - Adding inlined properties to environment: {spring.jmx.enabled=false, org.springframework.boot.test.context.SpringBootTestContextBootstrapper=true}

  .   ____          _            __ _ _
 /\\ / ___'_ __ _ _(_)_ __  __ _ \ \ \ \
( ( )\___ | '_ | '_| | '_ \/ _` | \ \ \ \
 \\/  ___)| |_)| | | | | || (_| |  ) ) ) )
  '  |____| .__|_| |_|_| |_\__, | / / / /
 =========|_|==============|___/=/_/_/_/
 :: Spring Boot ::                (v2.4.5)

2021-05-15 21:03:07.547  INFO 20007 --- [    Test worker] c.a.patient.PatientCrudApplicationTests  : Starting PatientCrudApplicationTests using Java 13.0.2 on kauz-own with PID 20007 (started by darkpool in /home/darkpool/gitHub/assignments/kronikos/patient)
2021-05-15 21:03:07.552  INFO 20007 --- [    Test worker] c.a.patient.PatientCrudApplicationTests  : No active profile set, falling back to default profiles: default
2021-05-15 21:03:09.115  INFO 20007 --- [    Test worker] .s.d.r.c.RepositoryConfigurationDelegate : Bootstrapping Spring Data JPA repositories in DEFAULT mode.
2021-05-15 21:03:09.194  INFO 20007 --- [    Test worker] .s.d.r.c.RepositoryConfigurationDelegate : Finished Spring Data repository scanning in 70 ms. Found 1 JPA repository interfaces.
2021-05-15 21:03:10.081  INFO 20007 --- [    Test worker] o.hibernate.jpa.internal.util.LogHelper  : HHH000204: Processing PersistenceUnitInfo [name: default]
2021-05-15 21:03:10.165  INFO 20007 --- [    Test worker] org.hibernate.Version                    : HHH000412: Hibernate ORM core version 5.4.30.Final
2021-05-15 21:03:10.353  INFO 20007 --- [    Test worker] o.hibernate.annotations.common.Version   : HCANN000001: Hibernate Commons Annotations {5.1.2.Final}
2021-05-15 21:03:10.525  INFO 20007 --- [    Test worker] com.zaxxer.hikari.HikariDataSource       : HikariPool-1 - Starting...
2021-05-15 21:03:10.762  INFO 20007 --- [    Test worker] com.zaxxer.hikari.HikariDataSource       : HikariPool-1 - Start completed.
2021-05-15 21:03:10.782  INFO 20007 --- [    Test worker] org.hibernate.dialect.Dialect            : HHH000400: Using dialect: org.hibernate.dialect.H2Dialect
Hibernate: 
    
    create table patient_details (
       id integer generated by default as identity,
        name varchar(255),
        gender varchar(255),
        phone_number bigint,
        primary key (id)
    )
2021-05-15 21:03:11.654  INFO 20007 --- [    Test worker] o.h.e.t.j.p.i.JtaPlatformInitiator       : HHH000490: Using JtaPlatform implementation: [org.hibernate.engine.transaction.jta.platform.internal.NoJtaPlatform]
2021-05-15 21:03:11.666  INFO 20007 --- [    Test worker] j.LocalContainerEntityManagerFactoryBean : Initialized JPA EntityManagerFactory for persistence unit 'default'
2021-05-15 21:03:12.738  WARN 20007 --- [    Test worker] JpaBaseConfiguration$JpaWebConfiguration : spring.jpa.open-in-view is enabled by default. Therefore, database queries may be performed during view rendering. Explicitly configure spring.jpa.open-in-view to disable this warning
2021-05-15 21:03:12.902  INFO 20007 --- [    Test worker] o.s.b.a.h2.H2ConsoleAutoConfiguration    : H2 console available at '/console'. Database available at 'jdbc:h2:mem:kronikos-chanllenge'
2021-05-15 21:03:13.677  INFO 20007 --- [    Test worker] o.s.s.concurrent.ThreadPoolTaskExecutor  : Initializing ExecutorService 'applicationTaskExecutor'
2021-05-15 21:03:14.520  INFO 20007 --- [    Test worker] c.a.patient.PatientCrudApplicationTests  : Started PatientCrudApplicationTests in 7.473 seconds (JVM running for 9.443)
]]></system-out>
  <system-err><![CDATA[]]></system-err>
</testsuite>
